<?xml version="1.0" encoding="UTF-8"?>
<testng-results skipped="0" failed="1" total="2" passed="1">
  <reporter-output>
  </reporter-output>
  <suite name="Suite" duration-ms="25816" started-at="2020-02-16T10:34:34Z" finished-at="2020-02-16T10:35:00Z">
    <groups>
    </groups>
    <test name="Test" duration-ms="25816" started-at="2020-02-16T10:34:34Z" finished-at="2020-02-16T10:35:00Z">
      <class name="com.qatestcases.SinpleclassTestCases">
        <test-method status="PASS" signature="setup()[pri:0, instance:com.qatestcases.SinpleclassTestCases@43a25848]" name="setup" is-config="true" duration-ms="19245" started-at="2020-02-16T16:04:34Z" finished-at="2020-02-16T16:04:53Z">
          <reporter-output>
          </reporter-output>
        </test-method> <!-- setup -->
        <test-method status="FAIL" signature="verifyTitleofsimpleform()[pri:0, instance:com.qatestcases.SinpleclassTestCases@43a25848]" name="verifyTitleofsimpleform" duration-ms="2981" started-at="2020-02-16T16:04:53Z" finished-at="2020-02-16T16:04:56Z">
          <exception class="java.lang.AssertionError">
            <message>
              <![CDATA[expected [Selenium Easy - Best Demo website to practice Selenium Webdriver Online] but found [Selenium Easy Demo - Simple Form to Automate using Selenium]]]>
            </message>
            <full-stacktrace>
              <![CDATA[java.lang.AssertionError: expected [Selenium Easy - Best Demo website to practice Selenium Webdriver Online] but found [Selenium Easy Demo - Simple Form to Automate using Selenium]
	at org.testng.Assert.fail(Assert.java:94)
	at org.testng.Assert.failNotEquals(Assert.java:494)
	at org.testng.Assert.assertEquals(Assert.java:123)
	at org.testng.Assert.assertEquals(Assert.java:176)
	at org.testng.Assert.assertEquals(Assert.java:186)
	at com.qatestcases.SinpleclassTestCases.verifyTitleofsimpleform(SinpleclassTestCases.java:35)
	at sun.reflect.NativeMethodAccessorImpl.invoke0(Native Method)
	at sun.reflect.NativeMethodAccessorImpl.invoke(NativeMethodAccessorImpl.java:62)
	at sun.reflect.DelegatingMethodAccessorImpl.invoke(DelegatingMethodAccessorImpl.java:43)
	at java.lang.reflect.Method.invoke(Method.java:498)
	at org.testng.internal.MethodInvocationHelper.invokeMethod(MethodInvocationHelper.java:84)
	at org.testng.internal.Invoker.invokeMethod(Invoker.java:714)
	at org.testng.internal.Invoker.invokeTestMethod(Invoker.java:901)
	at org.testng.internal.Invoker.invokeTestMethods(Invoker.java:1231)
	at org.testng.internal.TestMethodWorker.invokeTestMethods(TestMethodWorker.java:127)
	at org.testng.internal.TestMethodWorker.run(TestMethodWorker.java:111)
	at org.testng.TestRunner.privateRun(TestRunner.java:767)
	at org.testng.TestRunner.run(TestRunner.java:617)
	at org.testng.SuiteRunner.runTest(SuiteRunner.java:348)
	at org.testng.SuiteRunner.runSequentially(SuiteRunner.java:343)
	at org.testng.SuiteRunner.privateRun(SuiteRunner.java:305)
	at org.testng.SuiteRunner.run(SuiteRunner.java:254)
	at org.testng.SuiteRunnerWorker.runSuite(SuiteRunnerWorker.java:52)
	at org.testng.SuiteRunnerWorker.run(SuiteRunnerWorker.java:86)
	at org.testng.TestNG.runSuitesSequentially(TestNG.java:1224)
	at org.testng.TestNG.runSuitesLocally(TestNG.java:1149)
	at org.testng.TestNG.run(TestNG.java:1057)
	at org.apache.maven.surefire.testng.TestNGExecutor.run(TestNGExecutor.java:295)
	at org.apache.maven.surefire.testng.TestNGXmlTestSuite.execute(TestNGXmlTestSuite.java:84)
	at org.apache.maven.surefire.testng.TestNGProvider.invoke(TestNGProvider.java:90)
	at org.apache.maven.surefire.booter.ForkedBooter.invokeProviderInSameClassLoader(ForkedBooter.java:203)
	at org.apache.maven.surefire.booter.ForkedBooter.runSuitesInProcess(ForkedBooter.java:155)
	at org.apache.maven.surefire.booter.ForkedBooter.main(ForkedBooter.java:103)
]]>
            </full-stacktrace>
          </exception> <!-- java.lang.AssertionError -->
          <reporter-output>
          </reporter-output>
        </test-method> <!-- verifyTitleofsimpleform -->
        <test-method status="PASS" signature="verifyShowMessageFeature()[pri:0, instance:com.qatestcases.SinpleclassTestCases@43a25848]" name="verifyShowMessageFeature" duration-ms="1313" started-at="2020-02-16T16:04:57Z" finished-at="2020-02-16T16:04:58Z">
          <reporter-output>
          </reporter-output>
        </test-method> <!-- verifyShowMessageFeature -->
        <test-method status="PASS" signature="tearDown()[pri:0, instance:com.qatestcases.SinpleclassTestCases@43a25848]" name="tearDown" is-config="true" duration-ms="1397" started-at="2020-02-16T16:04:58Z" finished-at="2020-02-16T16:05:00Z">
          <reporter-output>
          </reporter-output>
        </test-method> <!-- tearDown -->
      </class> <!-- com.qatestcases.SinpleclassTestCases -->
    </test> <!-- Test -->
  </suite> <!-- Suite -->
</testng-results>
